<?xml version="1.0" encoding="UTF-8"?>
<coverage generated="1731002551366" clover="3.2.0">
  <project timestamp="1731002551366" name="All files">
    <metrics statements="40" coveredstatements="33" conditionals="12" coveredconditionals="6" methods="15" coveredmethods="14" elements="67" coveredelements="53" complexity="0" loc="40" ncloc="40" packages="1" files="3" classes="3"/>
    <file name="CF.ts" path="/home/diegoluisr/Documents/Projects/Apptega/prototypes/connector-framework/cfl/src/CF.ts">
      <metrics statements="36" coveredstatements="29" conditionals="12" coveredconditionals="6" methods="13" coveredmethods="12"/>
      <line num="6" count="6" type="stmt"/>
      <line num="7" count="6" type="stmt"/>
      <line num="11" count="2" type="stmt"/>
      <line num="12" count="2" type="stmt"/>
      <line num="13" count="2" type="stmt"/>
      <line num="14" count="2" type="stmt"/>
      <line num="16" count="2" type="stmt"/>
      <line num="20" count="6" type="stmt"/>
      <line num="24" count="3" type="stmt"/>
      <line num="28" count="1" type="stmt"/>
      <line num="33" count="2" type="cond" truecount="1" falsecount="1"/>
      <line num="34" count="0" type="stmt"/>
      <line num="35" count="0" type="stmt"/>
      <line num="38" count="2" type="cond" truecount="1" falsecount="1"/>
      <line num="39" count="2" type="stmt"/>
      <line num="41" count="2" type="stmt"/>
      <line num="44" count="6" type="stmt"/>
      <line num="46" count="0" type="stmt"/>
      <line num="51" count="3" type="cond" truecount="1" falsecount="1"/>
      <line num="52" count="3" type="stmt"/>
      <line num="54" count="0" type="stmt"/>
      <line num="58" count="6" type="stmt"/>
      <line num="60" count="3" type="stmt"/>
      <line num="61" count="3" type="stmt"/>
      <line num="62" count="1" type="cond" truecount="1" falsecount="1"/>
      <line num="63" count="1" type="stmt"/>
      <line num="66" count="0" type="stmt"/>
      <line num="68" count="1" type="stmt"/>
      <line num="73" count="3" type="stmt"/>
      <line num="74" count="1" type="cond" truecount="1" falsecount="1"/>
      <line num="75" count="1" type="stmt"/>
      <line num="78" count="0" type="stmt"/>
      <line num="84" count="6" type="stmt"/>
      <line num="86" count="1" type="cond" truecount="1" falsecount="1"/>
      <line num="87" count="1" type="stmt"/>
      <line num="90" count="0" type="stmt"/>
    </file>
    <file name="SP.ts" path="/home/diegoluisr/Documents/Projects/Apptega/prototypes/connector-framework/cfl/src/SP.ts">
      <metrics statements="4" coveredstatements="4" conditionals="0" coveredconditionals="0" methods="2" coveredmethods="2"/>
      <line num="2" count="6" type="stmt"/>
      <line num="3" count="6" type="stmt"/>
      <line num="5" count="6" type="stmt"/>
      <line num="8" count="3" type="stmt"/>
    </file>
    <file name="index.ts" path="/home/diegoluisr/Documents/Projects/Apptega/prototypes/connector-framework/cfl/src/index.ts">
      <metrics statements="0" coveredstatements="0" conditionals="0" coveredconditionals="0" methods="0" coveredmethods="0"/>
    </file>
  </project>
</coverage>
