{"/home/diegoluisr/Documents/Projects/Apptega/prototypes/connector-framework/cfl/src/CF.ts": {"path":"/home/diegoluisr/Documents/Projects/Apptega/prototypes/connector-framework/cfl/src/CF.ts","statementMap":{"0":{"start":{"line":6,"column":23},"end":{"line":6,"column":25}},"1":{"start":{"line":7,"column":33},"end":{"line":7,"column":38}},"2":{"start":{"line":11,"column":4},"end":{"line":11,"column":77}},"3":{"start":{"line":12,"column":4},"end":{"line":12,"column":74}},"4":{"start":{"line":13,"column":4},"end":{"line":13,"column":66}},"5":{"start":{"line":14,"column":4},"end":{"line":14,"column":73}},"6":{"start":{"line":16,"column":4},"end":{"line":16,"column":15}},"7":{"start":{"line":20,"column":4},"end":{"line":20,"column":23}},"8":{"start":{"line":24,"column":4},"end":{"line":24,"column":28}},"9":{"start":{"line":28,"column":4},"end":{"line":28,"column":28}},"10":{"start":{"line":33,"column":4},"end":{"line":36,"column":5}},"11":{"start":{"line":34,"column":6},"end":{"line":34,"column":13}},"12":{"start":{"line":35,"column":6},"end":{"line":35,"column":13}},"13":{"start":{"line":38,"column":4},"end":{"line":40,"column":5}},"14":{"start":{"line":39,"column":6},"end":{"line":39,"column":30}},"15":{"start":{"line":41,"column":4},"end":{"line":41,"column":11}},"16":{"start":{"line":44,"column":20},"end":{"line":56,"column":3}},"17":{"start":{"line":46,"column":6},"end":{"line":48,"column":7}},"18":{"start":{"line":51,"column":6},"end":{"line":53,"column":7}},"19":{"start":{"line":52,"column":8},"end":{"line":52,"column":42}},"20":{"start":{"line":54,"column":6},"end":{"line":54,"column":16}},"21":{"start":{"line":58,"column":23},"end":{"line":82,"column":3}},"22":{"start":{"line":60,"column":6},"end":{"line":70,"column":9}},"23":{"start":{"line":61,"column":8},"end":{"line":69,"column":11}},"24":{"start":{"line":62,"column":10},"end":{"line":67,"column":11}},"25":{"start":{"line":63,"column":12},"end":{"line":63,"column":53}},"26":{"start":{"line":66,"column":12},"end":{"line":66,"column":39}},"27":{"start":{"line":68,"column":10},"end":{"line":68,"column":20}},"28":{"start":{"line":73,"column":6},"end":{"line":80,"column":9}},"29":{"start":{"line":74,"column":8},"end":{"line":79,"column":9}},"30":{"start":{"line":75,"column":10},"end":{"line":75,"column":51}},"31":{"start":{"line":78,"column":10},"end":{"line":78,"column":54}},"32":{"start":{"line":84,"column":23},"end":{"line":93,"column":3}},"33":{"start":{"line":86,"column":6},"end":{"line":91,"column":7}},"34":{"start":{"line":87,"column":8},"end":{"line":87,"column":48}},"35":{"start":{"line":90,"column":8},"end":{"line":90,"column":50}}},"fnMap":{"0":{"name":"(anonymous_0)","decl":{"start":{"line":9,"column":2},"end":{"line":9,"column":3}},"loc":{"start":{"line":9,"column":45},"end":{"line":17,"column":3}},"line":9},"1":{"name":"(anonymous_1)","decl":{"start":{"line":19,"column":2},"end":{"line":19,"column":3}},"loc":{"start":{"line":19,"column":23},"end":{"line":21,"column":3}},"line":19},"2":{"name":"(anonymous_2)","decl":{"start":{"line":23,"column":2},"end":{"line":23,"column":3}},"loc":{"start":{"line":23,"column":33},"end":{"line":25,"column":3}},"line":23},"3":{"name":"(anonymous_3)","decl":{"start":{"line":27,"column":2},"end":{"line":27,"column":3}},"loc":{"start":{"line":27,"column":40},"end":{"line":29,"column":3}},"line":27},"4":{"name":"(anonymous_4)","decl":{"start":{"line":31,"column":2},"end":{"line":31,"column":3}},"loc":{"start":{"line":31,"column":69},"end":{"line":42,"column":3}},"line":31},"5":{"name":"(anonymous_5)","decl":{"start":{"line":45,"column":11},"end":{"line":45,"column":12}},"loc":{"start":{"line":45,"column":17},"end":{"line":49,"column":5}},"line":45},"6":{"name":"(anonymous_6)","decl":{"start":{"line":50,"column":14},"end":{"line":50,"column":15}},"loc":{"start":{"line":50,"column":26},"end":{"line":55,"column":5}},"line":50},"7":{"name":"(anonymous_7)","decl":{"start":{"line":59,"column":14},"end":{"line":59,"column":15}},"loc":{"start":{"line":59,"column":53},"end":{"line":71,"column":5}},"line":59},"8":{"name":"(anonymous_8)","decl":{"start":{"line":60,"column":31},"end":{"line":60,"column":32}},"loc":{"start":{"line":60,"column":44},"end":{"line":70,"column":7}},"line":60},"9":{"name":"(anonymous_9)","decl":{"start":{"line":61,"column":28},"end":{"line":61,"column":29}},"loc":{"start":{"line":61,"column":40},"end":{"line":69,"column":9}},"line":61},"10":{"name":"(anonymous_10)","decl":{"start":{"line":72,"column":17},"end":{"line":72,"column":18}},"loc":{"start":{"line":72,"column":56},"end":{"line":81,"column":5}},"line":72},"11":{"name":"(anonymous_11)","decl":{"start":{"line":73,"column":26},"end":{"line":73,"column":27}},"loc":{"start":{"line":73,"column":38},"end":{"line":80,"column":7}},"line":73},"12":{"name":"(anonymous_12)","decl":{"start":{"line":85,"column":14},"end":{"line":85,"column":15}},"loc":{"start":{"line":85,"column":53},"end":{"line":92,"column":5}},"line":85}},"branchMap":{"0":{"loc":{"start":{"line":33,"column":4},"end":{"line":36,"column":5}},"type":"if","locations":[{"start":{"line":33,"column":4},"end":{"line":36,"column":5}},{"start":{},"end":{}}],"line":33},"1":{"loc":{"start":{"line":38,"column":4},"end":{"line":40,"column":5}},"type":"if","locations":[{"start":{"line":38,"column":4},"end":{"line":40,"column":5}},{"start":{},"end":{}}],"line":38},"2":{"loc":{"start":{"line":51,"column":6},"end":{"line":53,"column":7}},"type":"if","locations":[{"start":{"line":51,"column":6},"end":{"line":53,"column":7}},{"start":{},"end":{}}],"line":51},"3":{"loc":{"start":{"line":62,"column":10},"end":{"line":67,"column":11}},"type":"if","locations":[{"start":{"line":62,"column":10},"end":{"line":67,"column":11}},{"start":{"line":65,"column":15},"end":{"line":67,"column":11}}],"line":62},"4":{"loc":{"start":{"line":74,"column":8},"end":{"line":79,"column":9}},"type":"if","locations":[{"start":{"line":74,"column":8},"end":{"line":79,"column":9}},{"start":{"line":77,"column":13},"end":{"line":79,"column":9}}],"line":74},"5":{"loc":{"start":{"line":86,"column":6},"end":{"line":91,"column":7}},"type":"if","locations":[{"start":{"line":86,"column":6},"end":{"line":91,"column":7}},{"start":{"line":89,"column":11},"end":{"line":91,"column":7}}],"line":86}},"s":{"0":6,"1":6,"2":2,"3":2,"4":2,"5":2,"6":2,"7":6,"8":3,"9":1,"10":2,"11":0,"12":0,"13":2,"14":2,"15":2,"16":6,"17":0,"18":3,"19":3,"20":0,"21":6,"22":3,"23":3,"24":1,"25":1,"26":0,"27":1,"28":3,"29":1,"30":1,"31":0,"32":6,"33":1,"34":1,"35":0},"f":{"0":2,"1":6,"2":3,"3":1,"4":2,"5":0,"6":3,"7":3,"8":3,"9":1,"10":3,"11":1,"12":1},"b":{"0":[0,2],"1":[2,0],"2":[3,0],"3":[1,0],"4":[1,0],"5":[1,0]},"_coverageSchema":"1a1c01bbd47fc00a2c39e90264f33305004495a9","hash":"4aafed939fbfeacb6e6cb0a8ee3e16395fbd26f3"}
,"/home/diegoluisr/Documents/Projects/Apptega/prototypes/connector-framework/cfl/src/SP.ts": {"path":"/home/diegoluisr/Documents/Projects/Apptega/prototypes/connector-framework/cfl/src/SP.ts","statementMap":{"0":{"start":{"line":2,"column":22},"end":{"line":2,"column":24}},"1":{"start":{"line":3,"column":24},"end":{"line":3,"column":26}},"2":{"start":{"line":5,"column":30},"end":{"line":5,"column":53}},"3":{"start":{"line":5,"column":43},"end":{"line":5,"column":52}},"4":{"start":{"line":8,"column":4},"end":{"line":8,"column":33}}},"fnMap":{"0":{"name":"(anonymous_0)","decl":{"start":{"line":5,"column":30},"end":{"line":5,"column":31}},"loc":{"start":{"line":5,"column":42},"end":{"line":5,"column":53}},"line":5},"1":{"name":"(anonymous_1)","decl":{"start":{"line":7,"column":2},"end":{"line":7,"column":3}},"loc":{"start":{"line":7,"column":44},"end":{"line":9,"column":3}},"line":7}},"branchMap":{},"s":{"0":6,"1":6,"2":6,"3":3,"4":3},"f":{"0":3,"1":3},"b":{},"_coverageSchema":"1a1c01bbd47fc00a2c39e90264f33305004495a9","hash":"11c140da8c9f1edad904afd896cfa11234064a23"}
,"/home/diegoluisr/Documents/Projects/Apptega/prototypes/connector-framework/cfl/src/index.ts": {"path":"/home/diegoluisr/Documents/Projects/Apptega/prototypes/connector-framework/cfl/src/index.ts","statementMap":{},"fnMap":{},"branchMap":{},"s":{},"f":{},"b":{},"_coverageSchema":"1a1c01bbd47fc00a2c39e90264f33305004495a9","hash":"953e17e50d7734ca3e0fab39cbb8b331bb8b7ae0"}
}
