{"/home/diegoluisr/Documents/Projects/Apptega/prototypes/connector-framework/cfl/src/CF.ts": {"path":"/home/diegoluisr/Documents/Projects/Apptega/prototypes/connector-framework/cfl/src/CF.ts","statementMap":{"0":{"start":{"line":6,"column":23},"end":{"line":6,"column":25}},"1":{"start":{"line":7,"column":33},"end":{"line":7,"column":38}},"2":{"start":{"line":11,"column":4},"end":{"line":11,"column":76}},"3":{"start":{"line":12,"column":4},"end":{"line":12,"column":66}},"4":{"start":{"line":14,"column":4},"end":{"line":14,"column":15}},"5":{"start":{"line":18,"column":4},"end":{"line":18,"column":23}},"6":{"start":{"line":22,"column":4},"end":{"line":22,"column":28}},"7":{"start":{"line":26,"column":4},"end":{"line":26,"column":28}},"8":{"start":{"line":31,"column":4},"end":{"line":34,"column":5}},"9":{"start":{"line":32,"column":6},"end":{"line":32,"column":13}},"10":{"start":{"line":33,"column":6},"end":{"line":33,"column":13}},"11":{"start":{"line":36,"column":4},"end":{"line":38,"column":5}},"12":{"start":{"line":37,"column":6},"end":{"line":37,"column":30}},"13":{"start":{"line":39,"column":4},"end":{"line":39,"column":11}},"14":{"start":{"line":42,"column":20},"end":{"line":54,"column":3}},"15":{"start":{"line":44,"column":6},"end":{"line":46,"column":7}},"16":{"start":{"line":49,"column":6},"end":{"line":51,"column":7}},"17":{"start":{"line":50,"column":8},"end":{"line":50,"column":42}},"18":{"start":{"line":52,"column":6},"end":{"line":52,"column":16}},"19":{"start":{"line":56,"column":23},"end":{"line":80,"column":3}},"20":{"start":{"line":58,"column":6},"end":{"line":68,"column":9}},"21":{"start":{"line":59,"column":8},"end":{"line":67,"column":11}},"22":{"start":{"line":60,"column":10},"end":{"line":65,"column":11}},"23":{"start":{"line":61,"column":12},"end":{"line":61,"column":53}},"24":{"start":{"line":64,"column":12},"end":{"line":64,"column":39}},"25":{"start":{"line":66,"column":10},"end":{"line":66,"column":20}},"26":{"start":{"line":71,"column":6},"end":{"line":78,"column":9}},"27":{"start":{"line":72,"column":8},"end":{"line":77,"column":9}},"28":{"start":{"line":73,"column":10},"end":{"line":73,"column":51}},"29":{"start":{"line":76,"column":10},"end":{"line":76,"column":54}},"30":{"start":{"line":82,"column":23},"end":{"line":91,"column":3}},"31":{"start":{"line":84,"column":6},"end":{"line":89,"column":7}},"32":{"start":{"line":85,"column":8},"end":{"line":85,"column":48}},"33":{"start":{"line":88,"column":8},"end":{"line":88,"column":50}}},"fnMap":{"0":{"name":"(anonymous_0)","decl":{"start":{"line":9,"column":2},"end":{"line":9,"column":3}},"loc":{"start":{"line":9,"column":45},"end":{"line":15,"column":3}},"line":9},"1":{"name":"(anonymous_1)","decl":{"start":{"line":17,"column":2},"end":{"line":17,"column":3}},"loc":{"start":{"line":17,"column":23},"end":{"line":19,"column":3}},"line":17},"2":{"name":"(anonymous_2)","decl":{"start":{"line":21,"column":2},"end":{"line":21,"column":3}},"loc":{"start":{"line":21,"column":33},"end":{"line":23,"column":3}},"line":21},"3":{"name":"(anonymous_3)","decl":{"start":{"line":25,"column":2},"end":{"line":25,"column":3}},"loc":{"start":{"line":25,"column":40},"end":{"line":27,"column":3}},"line":25},"4":{"name":"(anonymous_4)","decl":{"start":{"line":29,"column":2},"end":{"line":29,"column":3}},"loc":{"start":{"line":29,"column":70},"end":{"line":40,"column":3}},"line":29},"5":{"name":"(anonymous_5)","decl":{"start":{"line":43,"column":11},"end":{"line":43,"column":12}},"loc":{"start":{"line":43,"column":17},"end":{"line":47,"column":5}},"line":43},"6":{"name":"(anonymous_6)","decl":{"start":{"line":48,"column":14},"end":{"line":48,"column":15}},"loc":{"start":{"line":48,"column":26},"end":{"line":53,"column":5}},"line":48},"7":{"name":"(anonymous_7)","decl":{"start":{"line":57,"column":14},"end":{"line":57,"column":15}},"loc":{"start":{"line":57,"column":53},"end":{"line":69,"column":5}},"line":57},"8":{"name":"(anonymous_8)","decl":{"start":{"line":58,"column":31},"end":{"line":58,"column":32}},"loc":{"start":{"line":58,"column":44},"end":{"line":68,"column":7}},"line":58},"9":{"name":"(anonymous_9)","decl":{"start":{"line":59,"column":28},"end":{"line":59,"column":29}},"loc":{"start":{"line":59,"column":40},"end":{"line":67,"column":9}},"line":59},"10":{"name":"(anonymous_10)","decl":{"start":{"line":70,"column":17},"end":{"line":70,"column":18}},"loc":{"start":{"line":70,"column":56},"end":{"line":79,"column":5}},"line":70},"11":{"name":"(anonymous_11)","decl":{"start":{"line":71,"column":26},"end":{"line":71,"column":27}},"loc":{"start":{"line":71,"column":38},"end":{"line":78,"column":7}},"line":71},"12":{"name":"(anonymous_12)","decl":{"start":{"line":83,"column":14},"end":{"line":83,"column":15}},"loc":{"start":{"line":83,"column":53},"end":{"line":90,"column":5}},"line":83}},"branchMap":{"0":{"loc":{"start":{"line":31,"column":4},"end":{"line":34,"column":5}},"type":"if","locations":[{"start":{"line":31,"column":4},"end":{"line":34,"column":5}},{"start":{},"end":{}}],"line":31},"1":{"loc":{"start":{"line":36,"column":4},"end":{"line":38,"column":5}},"type":"if","locations":[{"start":{"line":36,"column":4},"end":{"line":38,"column":5}},{"start":{},"end":{}}],"line":36},"2":{"loc":{"start":{"line":49,"column":6},"end":{"line":51,"column":7}},"type":"if","locations":[{"start":{"line":49,"column":6},"end":{"line":51,"column":7}},{"start":{},"end":{}}],"line":49},"3":{"loc":{"start":{"line":60,"column":10},"end":{"line":65,"column":11}},"type":"if","locations":[{"start":{"line":60,"column":10},"end":{"line":65,"column":11}},{"start":{"line":63,"column":15},"end":{"line":65,"column":11}}],"line":60},"4":{"loc":{"start":{"line":72,"column":8},"end":{"line":77,"column":9}},"type":"if","locations":[{"start":{"line":72,"column":8},"end":{"line":77,"column":9}},{"start":{"line":75,"column":13},"end":{"line":77,"column":9}}],"line":72},"5":{"loc":{"start":{"line":84,"column":6},"end":{"line":89,"column":7}},"type":"if","locations":[{"start":{"line":84,"column":6},"end":{"line":89,"column":7}},{"start":{"line":87,"column":11},"end":{"line":89,"column":7}}],"line":84}},"s":{"0":1,"1":1,"2":0,"3":0,"4":0,"5":1,"6":3,"7":1,"8":2,"9":0,"10":0,"11":2,"12":2,"13":2,"14":1,"15":0,"16":3,"17":3,"18":0,"19":1,"20":1,"21":1,"22":1,"23":1,"24":0,"25":1,"26":1,"27":1,"28":1,"29":0,"30":1,"31":1,"32":1,"33":0},"f":{"0":0,"1":1,"2":3,"3":1,"4":2,"5":0,"6":3,"7":1,"8":1,"9":1,"10":1,"11":1,"12":1},"b":{"0":[0,2],"1":[2,0],"2":[3,0],"3":[1,0],"4":[1,0],"5":[1,0]},"_coverageSchema":"1a1c01bbd47fc00a2c39e90264f33305004495a9","hash":"e8b3c25e3710bad898a00490536b3787bc3b6f1c"}
,"/home/diegoluisr/Documents/Projects/Apptega/prototypes/connector-framework/cfl/src/SP.ts": {"path":"/home/diegoluisr/Documents/Projects/Apptega/prototypes/connector-framework/cfl/src/SP.ts","statementMap":{"0":{"start":{"line":2,"column":22},"end":{"line":2,"column":24}},"1":{"start":{"line":3,"column":24},"end":{"line":3,"column":26}},"2":{"start":{"line":5,"column":30},"end":{"line":5,"column":53}},"3":{"start":{"line":5,"column":43},"end":{"line":5,"column":52}},"4":{"start":{"line":8,"column":4},"end":{"line":8,"column":33}}},"fnMap":{"0":{"name":"(anonymous_0)","decl":{"start":{"line":5,"column":30},"end":{"line":5,"column":31}},"loc":{"start":{"line":5,"column":42},"end":{"line":5,"column":53}},"line":5},"1":{"name":"(anonymous_1)","decl":{"start":{"line":7,"column":2},"end":{"line":7,"column":3}},"loc":{"start":{"line":7,"column":44},"end":{"line":9,"column":3}},"line":7}},"branchMap":{},"s":{"0":1,"1":1,"2":1,"3":3,"4":3},"f":{"0":3,"1":3},"b":{},"_coverageSchema":"1a1c01bbd47fc00a2c39e90264f33305004495a9","hash":"11c140da8c9f1edad904afd896cfa11234064a23"}
,"/home/diegoluisr/Documents/Projects/Apptega/prototypes/connector-framework/cfl/src/index.ts": {"path":"/home/diegoluisr/Documents/Projects/Apptega/prototypes/connector-framework/cfl/src/index.ts","statementMap":{},"fnMap":{},"branchMap":{},"s":{},"f":{},"b":{},"_coverageSchema":"1a1c01bbd47fc00a2c39e90264f33305004495a9","hash":"953e17e50d7734ca3e0fab39cbb8b331bb8b7ae0"}
}
