TN:
SF:src/CF.ts
FN:9,(anonymous_0)
FN:17,(anonymous_1)
FN:21,(anonymous_2)
FN:25,(anonymous_3)
FN:29,(anonymous_4)
FN:43,(anonymous_5)
FN:48,(anonymous_6)
FN:57,(anonymous_7)
FN:58,(anonymous_8)
FN:59,(anonymous_9)
FN:70,(anonymous_10)
FN:71,(anonymous_11)
FN:83,(anonymous_12)
FNF:13
FNH:11
FNDA:0,(anonymous_0)
FNDA:1,(anonymous_1)
FNDA:3,(anonymous_2)
FNDA:1,(anonymous_3)
FNDA:2,(anonymous_4)
FNDA:0,(anonymous_5)
FNDA:3,(anonymous_6)
FNDA:1,(anonymous_7)
FNDA:1,(anonymous_8)
FNDA:1,(anonymous_9)
FNDA:1,(anonymous_10)
FNDA:1,(anonymous_11)
FNDA:1,(anonymous_12)
DA:6,1
DA:7,1
DA:11,0
DA:12,0
DA:14,0
DA:18,1
DA:22,3
DA:26,1
DA:31,2
DA:32,0
DA:33,0
DA:36,2
DA:37,2
DA:39,2
DA:42,1
DA:44,0
DA:49,3
DA:50,3
DA:52,0
DA:56,1
DA:58,1
DA:59,1
DA:60,1
DA:61,1
DA:64,0
DA:66,1
DA:71,1
DA:72,1
DA:73,1
DA:76,0
DA:82,1
DA:84,1
DA:85,1
DA:88,0
LF:34
LH:24
BRDA:31,0,0,0
BRDA:31,0,1,2
BRDA:36,1,0,2
BRDA:36,1,1,0
BRDA:49,2,0,3
BRDA:49,2,1,0
BRDA:60,3,0,1
BRDA:60,3,1,0
BRDA:72,4,0,1
BRDA:72,4,1,0
BRDA:84,5,0,1
BRDA:84,5,1,0
BRF:12
BRH:6
end_of_record
TN:
SF:src/SP.ts
FN:5,(anonymous_0)
FN:7,(anonymous_1)
FNF:2
FNH:2
FNDA:3,(anonymous_0)
FNDA:3,(anonymous_1)
DA:2,1
DA:3,1
DA:5,3
DA:8,3
LF:4
LH:4
BRF:0
BRH:0
end_of_record
TN:
SF:src/index.ts
FNF:0
FNH:0
LF:0
LH:0
BRF:0
BRH:0
end_of_record
