TN:
SF:src/CF.ts
FN:9,(anonymous_0)
FN:19,(anonymous_1)
FN:23,(anonymous_2)
FN:27,(anonymous_3)
FN:31,(anonymous_4)
FN:45,(anonymous_5)
FN:50,(anonymous_6)
FN:59,(anonymous_7)
FN:60,(anonymous_8)
FN:61,(anonymous_9)
FN:72,(anonymous_10)
FN:73,(anonymous_11)
FN:85,(anonymous_12)
FNF:13
FNH:12
FNDA:2,(anonymous_0)
FNDA:6,(anonymous_1)
FNDA:3,(anonymous_2)
FNDA:1,(anonymous_3)
FNDA:2,(anonymous_4)
FNDA:0,(anonymous_5)
FNDA:3,(anonymous_6)
FNDA:3,(anonymous_7)
FNDA:3,(anonymous_8)
FNDA:1,(anonymous_9)
FNDA:3,(anonymous_10)
FNDA:1,(anonymous_11)
FNDA:1,(anonymous_12)
DA:6,6
DA:7,6
DA:11,2
DA:12,2
DA:13,2
DA:14,2
DA:16,2
DA:20,6
DA:24,3
DA:28,1
DA:33,2
DA:34,0
DA:35,0
DA:38,2
DA:39,2
DA:41,2
DA:44,6
DA:46,0
DA:51,3
DA:52,3
DA:54,0
DA:58,6
DA:60,3
DA:61,3
DA:62,1
DA:63,1
DA:66,0
DA:68,1
DA:73,3
DA:74,1
DA:75,1
DA:78,0
DA:84,6
DA:86,1
DA:87,1
DA:90,0
LF:36
LH:29
BRDA:33,0,0,0
BRDA:33,0,1,2
BRDA:38,1,0,2
BRDA:38,1,1,0
BRDA:51,2,0,3
BRDA:51,2,1,0
BRDA:62,3,0,1
BRDA:62,3,1,0
BRDA:74,4,0,1
BRDA:74,4,1,0
BRDA:86,5,0,1
BRDA:86,5,1,0
BRF:12
BRH:6
end_of_record
TN:
SF:src/SP.ts
FN:5,(anonymous_0)
FN:7,(anonymous_1)
FNF:2
FNH:2
FNDA:3,(anonymous_0)
FNDA:3,(anonymous_1)
DA:2,6
DA:3,6
DA:5,6
DA:8,3
LF:4
LH:4
BRF:0
BRH:0
end_of_record
TN:
SF:src/index.ts
FNF:0
FNH:0
LF:0
LH:0
BRF:0
BRH:0
end_of_record
